<?xml version="1.0" encoding="UTF-8"?>
<!-- Generated by org.testng.reporters.JUnitReportReporter -->
<testsuite skipped="0" hostname="DESKTOP-LCC7PQK" name="com.biztech2go.TestITTrainingPage" tests="6" failures="0" timestamp="2020-06-08T10:40:48 PDT" time="3.142" errors="0">
  <testcase name="verifyITTrainingPageTitle" time="0.015" classname="com.biztech2go.TestITTrainingPage"/>
  <system-out/>
  <testcase name="validateAutomationTestingSelection" time="2.235" classname="com.biztech2go.TestITTrainingPage"/>
  <system-out/>
  <testcase name="validateDataScienceSelection" time="0.174" classname="com.biztech2go.TestITTrainingPage"/>
  <system-out/>
  <testcase name="validateImageITTraining" time="0.119" classname="com.biztech2go.TestITTrainingPage"/>
  <system-out/>
  <testcase name="validateSAPSelection" time="0.314" classname="com.biztech2go.TestITTrainingPage"/>
  <system-out/>
  <testcase name="validateManuelTestingSelection" time="0.285" classname="com.biztech2go.TestITTrainingPage"/>
  <system-out/>
</testsuite> <!-- com.biztech2go.TestITTrainingPage -->
