<?xml version="1.0" encoding="UTF-8"?>
<!-- Generated by org.testng.reporters.JUnitReportReporter -->
<testsuite skipped="0" hostname="DESKTOP-LCC7PQK" name="com.biztech2go.HomePage" tests="3" failures="0" timestamp="2020-05-25T21:57:40 PDT" time="1.085" errors="0">
  <testcase name="validateIcon" time="0.047" classname="com.biztech2go.HomePage"/>
  <system-out/>
  <testcase name="bottomCopyRigth" time="0.558" classname="com.biztech2go.HomePage"/>
  <system-out/>
  <testcase name="hoverITStaffMenu" time="0.480" classname="com.biztech2go.HomePage"/>
  <system-out/>
</testsuite> <!-- com.biztech2go.HomePage -->
