<?xml version="1.0" encoding="UTF-8"?>
<!-- Generated by org.testng.reporters.JUnitReportReporter -->
<testsuite skipped="0" hostname="DESKTOP-LCC7PQK" name="com.biztech2go.TestAboutUsPage" tests="5" failures="0" timestamp="2020-06-23T13:35:27 PDT" time="3.505" errors="0">
  <testcase name="validatePraphFontSize" time="0.296" classname="com.biztech2go.TestAboutUsPage"/>
  <system-out/>
  <testcase name="validateHeaderMission" time="2.219" classname="com.biztech2go.TestAboutUsPage"/>
  <system-out/>
  <testcase name="validateHeaderOurValues" time="0.569" classname="com.biztech2go.TestAboutUsPage"/>
  <system-out/>
  <testcase name="validatePraphBackgroundColor" time="0.230" classname="com.biztech2go.TestAboutUsPage"/>
  <system-out/>
  <testcase name="validateHeaderVision" time="0.191" classname="com.biztech2go.TestAboutUsPage"/>
  <system-out/>
</testsuite> <!-- com.biztech2go.TestAboutUsPage -->
