<?xml version="1.0" encoding="UTF-8"?>
<!-- Generated by org.testng.reporters.JUnitReportReporter -->
<testsuite skipped="0" hostname="DESKTOP-LCC7PQK" name="com.biztech2go.TestHomePage" tests="10" failures="0" timestamp="2020-06-08T10:36:56 PDT" time="15.374" errors="0">
  <testcase name="verifyAboutUsPage" time="2.966" classname="com.biztech2go.TestHomePage"/>
  <system-out/>
  <testcase name="verifyOurServicesPage" time="2.957" classname="com.biztech2go.TestHomePage"/>
  <system-out/>
  <testcase name="bottomCopyRigth" time="0.570" classname="com.biztech2go.TestHomePage"/>
  <system-out/>
  <testcase name="verifyMainPageTitle" time="0.069" classname="com.biztech2go.TestHomePage"/>
  <system-out/>
  <testcase name="hoverITStaffMenu" time="2.366" classname="com.biztech2go.TestHomePage"/>
  <system-out/>
  <testcase name="verifyMainPageDynamicProposal" time="0.236" classname="com.biztech2go.TestHomePage"/>
  <system-out/>
  <testcase name="verifyMainHowWOperate" time="0.215" classname="com.biztech2go.TestHomePage"/>
  <system-out/>
  <testcase name="validateIcon" time="0.052" classname="com.biztech2go.TestHomePage"/>
  <system-out/>
  <testcase name="verifyContactUsPage" time="2.892" classname="com.biztech2go.TestHomePage"/>
  <system-out/>
  <testcase name="verifyItServicesPage" time="3.051" classname="com.biztech2go.TestHomePage"/>
  <system-out/>
</testsuite> <!-- com.biztech2go.TestHomePage -->
