<?xml version="1.0" encoding="UTF-8"?>
<!-- Generated by org.testng.reporters.JUnitReportReporter -->
<testsuite skipped="0" hostname="DESKTOP-LCC7PQK" name="com.biztech2go.TestTelecomServicesPage" tests="5" failures="0" timestamp="2020-06-23T13:35:27 PDT" time="1.326" errors="0">
  <testcase name="validateAddressPresence" time="0.308" classname="com.biztech2go.TestTelecomServicesPage"/>
  <system-out/>
  <testcase name="validatePhoneNumber" time="0.296" classname="com.biztech2go.TestTelecomServicesPage"/>
  <system-out/>
  <testcase name="verifyRequestQuotePresence" time="0.305" classname="com.biztech2go.TestTelecomServicesPage"/>
  <system-out/>
  <testcase name="verifyImageVerizonPresence" time="0.270" classname="com.biztech2go.TestTelecomServicesPage"/>
  <system-out/>
  <testcase name="verifyTelecomServicesTitle" time="0.147" classname="com.biztech2go.TestTelecomServicesPage"/>
  <system-out/>
</testsuite> <!-- com.biztech2go.TestTelecomServicesPage -->
