<?xml version="1.0" encoding="UTF-8"?>
<!-- Generated by org.testng.reporters.JUnitReportReporter -->
<testsuite skipped="0" hostname="DESKTOP-LCC7PQK" name="com.biztech2go.TestAboutUsPage" tests="5" failures="0" timestamp="2020-06-08T10:36:56 PDT" time="2.204" errors="0">
  <testcase name="validateHeaderOurValues" time="0.035" classname="com.biztech2go.TestAboutUsPage"/>
  <system-out/>
  <testcase name="validatePraphBackgroundColor" time="0.042" classname="com.biztech2go.TestAboutUsPage"/>
  <system-out/>
  <testcase name="validateHeaderVision" time="0.035" classname="com.biztech2go.TestAboutUsPage"/>
  <system-out/>
  <testcase name="validatePraphFontSize" time="0.025" classname="com.biztech2go.TestAboutUsPage"/>
  <system-out/>
  <testcase name="validateHeaderMission" time="2.067" classname="com.biztech2go.TestAboutUsPage"/>
  <system-out/>
</testsuite> <!-- com.biztech2go.TestAboutUsPage -->
