<?xml version="1.0" encoding="UTF-8"?>
<!-- Generated by org.testng.reporters.JUnitReportReporter -->
<testsuite skipped="0" hostname="DESKTOP-LCC7PQK" name="com.biztech2go.TestContactUsPage" tests="6" failures="0" timestamp="2020-06-23T13:35:27 PDT" time="18.114" errors="1">
  <testcase name="validateNameBlankTyping" time="0.598" classname="com.biztech2go.TestContactUsPage"/>
  <system-out/>
  <testcase name="validateMessageBlankTyping" time="0.562" classname="com.biztech2go.TestContactUsPage"/>
  <system-out/>
  <testcase name="validateEmptyNameEmailError" time="11.791" classname="com.biztech2go.TestContactUsPage"/>
  <system-out/>
  <testcase name="validateSubjectBlankTyping" time="1.500" classname="com.biztech2go.TestContactUsPage"/>
  <system-out/>
  <testcase name="teardown" time="0.000" classname="com.biztech2go.TestContactUsPage">
    <error type="java.lang.NullPointerException">
      <![CDATA[java.lang.NullPointerException
at com.biztech2go.TestContactUsPage.teardown(TestContactUsPage.java:100)
at sun.reflect.NativeMethodAccessorImpl.invoke0(Native Method)
at sun.reflect.NativeMethodAccessorImpl.invoke(Unknown Source)
at sun.reflect.DelegatingMethodAccessorImpl.invoke(Unknown Source)
at java.lang.reflect.Method.invoke(Unknown Source)
at org.testng.internal.MethodInvocationHelper.invokeMethod(MethodInvocationHelper.java:135)
at org.testng.internal.MethodInvocationHelper.invokeMethodConsideringTimeout(MethodInvocationHelper.java:64)
at org.testng.internal.ConfigInvoker.invokeConfigurationMethod(ConfigInvoker.java:364)
at org.testng.internal.ConfigInvoker.invokeConfigurations(ConfigInvoker.java:318)
at org.testng.TestRunner.invokeTestConfigurations(TestRunner.java:620)
at org.testng.TestRunner.afterRun(TestRunner.java:850)
at org.testng.TestRunner.run(TestRunner.java:591)
at org.testng.SuiteRunner.runTest(SuiteRunner.java:384)
at org.testng.SuiteRunner.runSequentially(SuiteRunner.java:378)
at org.testng.SuiteRunner.privateRun(SuiteRunner.java:337)
at org.testng.SuiteRunner.run(SuiteRunner.java:286)
at org.testng.SuiteRunnerWorker.runSuite(SuiteRunnerWorker.java:53)
at org.testng.SuiteRunnerWorker.run(SuiteRunnerWorker.java:96)
at org.testng.TestNG.runSuitesSequentially(TestNG.java:1214)
at org.testng.TestNG.runSuitesLocally(TestNG.java:1136)
at org.testng.TestNG.runSuites(TestNG.java:1066)
at org.testng.TestNG.run(TestNG.java:1034)
at org.testng.remote.AbstractRemoteTestNG.run(AbstractRemoteTestNG.java:115)
at org.testng.remote.RemoteTestNG.initAndRun(RemoteTestNG.java:251)
at org.testng.remote.RemoteTestNG.main(RemoteTestNG.java:77)
]]>
    </error>
  </testcase> <!-- teardown -->
  <system-out/>
  <testcase name="validateEmailBlankTyping" time="3.663" classname="com.biztech2go.TestContactUsPage"/>
  <system-out/>
</testsuite> <!-- com.biztech2go.TestContactUsPage -->
