<?xml version="1.0" encoding="UTF-8"?>
<!-- Generated by org.testng.reporters.JUnitReportReporter -->
<testsuite skipped="0" hostname="DESKTOP-LCC7PQK" name="com.biztech2go.TestTelecomServicesPage" tests="5" failures="0" timestamp="2020-06-08T10:36:56 PDT" time="0.467" errors="0">
  <testcase name="validatePhoneNumber" time="0.097" classname="com.biztech2go.TestTelecomServicesPage"/>
  <system-out/>
  <testcase name="verifyImageVerizonPresence" time="0.140" classname="com.biztech2go.TestTelecomServicesPage"/>
  <system-out/>
  <testcase name="verifyRequestQuotePresence" time="0.089" classname="com.biztech2go.TestTelecomServicesPage"/>
  <system-out/>
  <testcase name="validateAddressPresence" time="0.123" classname="com.biztech2go.TestTelecomServicesPage"/>
  <system-out/>
  <testcase name="verifyTelecomServicesTitle" time="0.018" classname="com.biztech2go.TestTelecomServicesPage"/>
  <system-out/>
</testsuite> <!-- com.biztech2go.TestTelecomServicesPage -->
