<?xml version="1.0" encoding="UTF-8"?>
<!-- Generated by org.testng.reporters.JUnitReportReporter -->
<testsuite skipped="0" hostname="DESKTOP-LCC7PQK" name="com.biztech2go.TestContactUsPage" tests="5" failures="0" timestamp="2020-06-05T10:50:41 PDT" time="5.204" errors="0">
  <testcase name="validateSubjectBlankTyping" time="0.157" classname="com.biztech2go.TestContactUsPage"/>
  <system-out/>
  <testcase name="validateEmptyNameEmailError" time="2.435" classname="com.biztech2go.TestContactUsPage"/>
  <system-out/>
  <testcase name="validateEmailBlankTyping" time="2.280" classname="com.biztech2go.TestContactUsPage"/>
  <system-out/>
  <testcase name="validateMessageBlankTyping" time="0.184" classname="com.biztech2go.TestContactUsPage"/>
  <system-out/>
  <testcase name="validateNameBlankTyping" time="0.148" classname="com.biztech2go.TestContactUsPage"/>
  <system-out/>
</testsuite> <!-- com.biztech2go.TestContactUsPage -->
