<?xml version="1.0" encoding="UTF-8"?>
<!-- Generated by org.testng.reporters.JUnitReportReporter -->
<testsuite skipped="0" hostname="DESKTOP-LCC7PQK" name="com.biztech2go.TestContactUsPage" tests="5" failures="0" timestamp="2020-06-08T10:36:56 PDT" time="4.905" errors="0">
  <testcase name="validateEmailBlankTyping" time="2.217" classname="com.biztech2go.TestContactUsPage"/>
  <system-out/>
  <testcase name="validateNameBlankTyping" time="0.136" classname="com.biztech2go.TestContactUsPage"/>
  <system-out/>
  <testcase name="validateMessageBlankTyping" time="0.152" classname="com.biztech2go.TestContactUsPage"/>
  <system-out/>
  <testcase name="validateEmptyNameEmailError" time="2.257" classname="com.biztech2go.TestContactUsPage"/>
  <system-out/>
  <testcase name="validateSubjectBlankTyping" time="0.143" classname="com.biztech2go.TestContactUsPage"/>
  <system-out/>
</testsuite> <!-- com.biztech2go.TestContactUsPage -->
